Development Component Build (2018-03-23 23:03:35 GMT-03:00 (BRT))
  Component name: rdscheduler_colab
  Component vendor: promon.com.br
  SC compartment: RDSCHEDULER
  Configuration: LocalDevelopment
  Location: localDevelopment
  Source code location: marce@MAVNOTE01
  DC root folder: C:\Users\marce\OneDrive\DEV\NWDS75.jdi\LocalDevelopment\RDSCHEDULER\promon.com.br\rdscheduler_colab\_comp\
  DC type: J2EE
  DC subtype: EJBModule
  Host: MAVNOTE01

DC Model check:
   DC is available locally
   validating dependency to build plugin "sap.com/tc/bi/bp/ejbmodule"
   validating dependency to used DC "promon.com.br/po"
   validating dependency to  public part "mc" of DC "promon.com.br/po"
   validating dependency to  public part "def" of DC "sap.com/bie/sca/scdl/contributors/ejb"
   validating dependency to  public part "def" of DC "sap.com/bie/sca/scdl/contributors/mc"
   validating dependency to  public part "def" of DC "sap.com/bie/sca/scdl/contributors/sa"
   validating dependency to  public part "def" of DC "sap.com/bie/sca/scdl/gen"
   validating dependency to  public part "def" of DC "sap.com/bie/sca/scdl/gen/mc"
   validating dependency to  public part "def" of DC "sap.com/bie/sca/scdl/gen/util"
   validating dependency to  public part "def" of DC "sap.com/bie/sca/scdl/gen/xlf2prop"
   validating dependency to  public part "api" of DC "sap.com/engine.jee5.facade"
   validating dependency to  public part "MM_Inf" of DC "sap.com/ide/es/config/mc/model/bi"
   validating dependency to  public part "def" of DC "sap.com/tc/bi/wstech"
   validating dependency to  public part "api" of DC "sap.com/tc/esi/esp/wsrm/facade"
   validating dependency to  public part "api" of DC "sap.com/tc/je/scheduler/api"
   validating dependency to  public part "MM_Inf" of DC "sap.com/tc/moin/bi/model/textverticalization"
   validating dependency to  public part "def" of DC "sap.com/tc/moin/bi/moinext"
   validating dependency to  public part "libinf" of DC "sap.com/tc/moin/bi/moinlibs"
   DC model check OK

Start build plugin:
   using build plugin: sap.com/tc/bi/bp/ejbmodule
   starting build plugin from : C:\Users\marce\OneDrive\DEV\NWDS75.jdi\LocalDevelopment\SAP_BUILDT\sap.com\tc\bi\bp\ejbmodule\_comp\gen\default\public\ejb\



Build Plugin 'EJBModulePlugin', Version 7.30 SP 5 (NW750CORE_05_REL, built on 2016-09-05 17:26:50 +0200, CL239773)
   development component:  rdscheduler_colab (promon.com.br)
      software component:  RDSCHEDULER (promon.com.br)
                location:  localDevelopment
                    type:  J2EE, subtype EJBModule
           build variant:  default
         source location:  marce@MAVNOTE01
         output location:  C:\Users\marce\OneDrive\DEV\NWDS75.jdi\LocalDevelopment\t2\4FB9E16735893FFE8FA8C3D410A848DC\default
       generation folder:  C:\Users\marce\OneDrive\DEV\NWDS75.jdi\LocalDevelopment\t\4FB9E16735893FFE8FA8C3D410A848DC
       plugin start time:  2018-03-23 23:03:35 GMT-03:00 (BRT)
                 Java VM:  Java HotSpot(TM) 64-Bit Server VM, 25.131-b11 (1.8, Oracle Corporation)


General options:
  convert *.xlf to *.properties: yes
  include sources for debugging: yes
 


Package folder ".apt_generated" exists but is empty and will be ignored.
Checking path lengths for sources
Path length checks finished in 0.029 seconds
 
Preparing data context..
Using custom manifest file "ejbModule/META-INF/MANIFEST.MF"
Data context preparation finished in 0.097 seconds
 
Creating Ant build file..
  Creating output file: C:\Users\marce\OneDrive\DEV\NWDS75.jdi\LocalDevelopment\t2\4FB9E16735893FFE8FA8C3D410A848DC\default\logs\build.xml
  Using Java class:     com.sap.tc.buildplugin.BuildEJBModule
MoinInit generator started.
MOIN archive DC referenced: promon.com.br/po
MOIN archive found: C:\Users\marce\OneDrive\DEV\NWDS75.jdi\LocalDevelopment\RDSCHEDULER\promon.com.br\po\_comp\gen\default\public\mc\lib\moin\promon.com.br~po~mc.zip
Metamodels found.
Output folder found.
Build file creation finished in 0.241 seconds
 
Starting Ant..
  Using build file:     C:\Users\marce\OneDrive\DEV\NWDS75.jdi\LocalDevelopment\t2\4FB9E16735893FFE8FA8C3D410A848DC\default\logs\build.xml
  Using build target:   build
  Using Ant version:    1.7.1
 
compile:
      [echo] Starting Java compiler using the current JVM
      [echo] Settings:
      [echo]         debug: on
      [echo]      optimize: off
      [echo]   deprecation: default
      [echo]       verbose: default
      [echo]      encoding: UTF-8
      [echo]        source: default
      [echo]        target: default
      [echo]   source path: C:\Users\marce\OneDrive\DEV\NWDS75.jdi\LocalDevelopment\RDSCHEDULER\promon.com.br\rdscheduler_colab\_comp\ejbModule
      [echo]    class path:
      [echo]       C:\Users\marce\OneDrive\DEV\NWDS75.jdi\LocalDevelopment\WSRM\sap.com\tc\esi\esp\wsrm\facade\_comp\gen\default\public\api\lib\java\tc~esi~esp~wsrm~facade~api.jar
      [echo]       C:\Users\marce\OneDrive\DEV\NWDS75.jdi\LocalDevelopment\ENGFACADE\sap.com\tc\je\scheduler\api\_comp\gen\default\public\api\lib\java\tc~je~scheduler~api.jar
      [echo]       C:\Users\marce\OneDrive\DEV\NWDS75.jdi\LocalDevelopment\ENGFACADE\sap.com\engine.jee5.facade\_comp\gen\default\public\api\lib\java\ec~java~jsf~api.jar
      [echo]       C:\Users\marce\OneDrive\DEV\NWDS75.jdi\LocalDevelopment\ENGFACADE\sap.com\engine.jee5.facade\_comp\gen\default\public\api\lib\java\engine.jee5.facade.jar
      [echo]       C:\Users\marce\OneDrive\DEV\NWDS75.jdi\LocalDevelopment\ENGFACADE\sap.com\engine.jee5.facade\_comp\gen\default\public\api\lib\java\orpersistence_client_lib_filtered.jar
      [echo]    output dir: C:\Users\marce\OneDrive\DEV\NWDS75.jdi\LocalDevelopment\t\4FB9E16735893FFE8FA8C3D410A848DC\classes
     [javac] Compiling 69 source files to C:\Users\marce\OneDrive\DEV\NWDS75.jdi\LocalDevelopment\t\4FB9E16735893FFE8FA8C3D410A848DC\classes
     [timer] Java compilation finished in 1.162 seconds
 
      [echo] Start XLF conversion
  [xlf2prop] Found 0 XLF files to convert in folder "ejbModule"
     [timer] XLF conversion finished in 0.002 seconds
 
 
Xlf2PropBase:
      [echo] Start XLF conversion
  [xlf2prop] Found 4 XLF files to convert in folder "mc"
     [timer] XLF conversion finished in 0.049 seconds
 
      [copy] Copying 4 files to C:\Users\marce\OneDrive\DEV\NWDS75.jdi\LocalDevelopment\t\4FB9E16735893FFE8FA8C3D410A848DC\xlf_out
 
ScdlBase:
  [MOINInit] Meta models found.
  [MOINInit] Referenced meta-model: C:\Users\marce\OneDrive\DEV\NWDS75.jdi\LocalDevelopment\ESCONF_BUILDT\sap.com\ide\es\config\mc\model\bi\_comp\gen\default\public\MM_Inf\lib\moin\sap.com~ide~es~config~mc~model_xmi.zip
  [MOINInit] Referenced meta-model: C:\Users\marce\OneDrive\DEV\NWDS75.jdi\LocalDevelopment\MOIN_BUILDT\sap.com\tc\moin\bi\model\textverticalization\_comp\gen\default\public\MM_Inf\lib\moin\sap.com~tc~moin~model~textverticalization_xmi.zip
  [MOINInit] DataArea name: DefaultDataArea
  [MOINInit] Moin initialized in 316 milliseconds.
      [echo] Registering folder: gensrc/extcfg for path: C:\Users\marce\OneDrive\DEV\NWDS75.jdi\LocalDevelopment\t\4FB9E16735893FFE8FA8C3D410A848DC\gensrc\extcfg/
      [echo] Starting Extension Configuration generator...
  [gen_scdl] 		[SCDL_GEN] Initializing Scdl Generation...
  [gen_scdl] 		[SCDL_GEN] Initialization successfully completed.
  [gen_scdl] 		[SCDL_GEN] Starting retrieval of information from contributors...
  [gen_scdl] 		[SCDL_GEN] Information retrieval from contributors successfully completed!
  [gen_scdl] 		[SCDL_GEN] Starting composite export to SCDL...
  [gen_scdl] 			[SCDL-EXPORT] Scdl file output location: C:\Users\marce\OneDrive\DEV\NWDS75.jdi\LocalDevelopment\t\4FB9E16735893FFE8FA8C3D410A848DC/scdl_output\META-INF\rdscheduler_colab.composite
  [gen_scdl] 			[SCDL-EXPORT] sca contribution XML output location: C:\Users\marce\OneDrive\DEV\NWDS75.jdi\LocalDevelopment\t\4FB9E16735893FFE8FA8C3D410A848DC/scdl_output\META-INF\sca-contribution.xml
  [gen_scdl] 		[SCDL_GEN] Conversion successfully completed!
     [timer] Extension Configuration generator finished in 0.573 seconds
 
[MOINShutdown] About to shutdown MOIN...
[MOINShutdown] MOIN shut down in 52 milliseconds.
 
createPublicParts:
  [pppacker] Packing public part 'client'
  [pppacker] Packed   2 files for entity FundacPromonFuncionariosStart (Java Class/Class, br/com/promon/fundacpromonfuncionariosstart/)
  [pppacker] Packed   2 files for entity RdEscalasStarterBean (Java Class/Class, br/com/promon/rd/schedulers/)
  [pppacker] Packed 2 entities for public part 'client'
     [timer] Packing of public part 'client' finished in 0.213 seconds
 
  [pppacker] Packing public part 'ejbjar'
  [pppacker] Packed   2 files for entity rdscheduler_colab (Composite Entity)
  [pppacker] Packed 161 files for entity promon.com.br~rdscheduler_colab (EJB-JAR)
  [pppacker] Packed   2 files for entity RdEscalasStarterBean (Java Class/Class, br/com/promon/rd/schedulers/)
  [pppacker] Packed   4 files for entity rdscheduler_colab (Xlf2Prop Entity)
  [pppacker] Packed 4 entities for public part 'ejbjar'
     [timer] Packing of public part 'ejbjar' finished in 0.983 seconds
 
 
build:
 
Ant runtime 3.506 seconds
 
Ant build finished OK
MOIN forced shutdown initiated.
 
Build plugin finished at 2018-03-23 23:03:40 GMT-03:00 (BRT)
Total build plugin runtime: 4.989 seconds
 
Build finished with WARNING

==== Post-Processing ====   started at 2018-03-23 23:03:40.515 BRT
Comparison of previous and actual build results took: 0.069 seconds

Copy the build results 
  from: C:\Users\marce\OneDrive\DEV\NWDS75.jdi\LocalDevelopment\t2\4FB9E16735893FFE8FA8C3D410A848DC\default\
  to:   C:\Users\marce\OneDrive\DEV\NWDS75.jdi\LocalDevelopment\RDSCHEDULER\promon.com.br\rdscheduler_colab\_comp\gen\default\

The build results of the following public parts were not copied, since they have not changed:
  client