Development Component Build (2018-03-23 22:51:45 GMT-03:00 (BRT))
  Component name: po
  Component vendor: promon.com.br
  SC compartment: RDSCHEDULER
  Configuration: LocalDevelopment
  Location: localDevelopment
  Source code location: marce@MAVNOTE01
  DC root folder: C:\Users\marce\OneDrive\DEV\NWDS75.jdi\LocalDevelopment\RDSCHEDULER\promon.com.br\po\_comp\
  DC type: MassConfiguration
  Host: MAVNOTE01

DC Model check:
   DC is available locally
   validating dependency to build plugin "sap.com/tc/bi/bp/enterpriseApplication"
   validating dependency to  public part "def" of DC "sap.com/bie/sca/scdl/contributors/mc"
   validating dependency to  public part "def" of DC "sap.com/bie/sca/scdl/gen"
   validating dependency to  public part "def" of DC "sap.com/bie/sca/scdl/gen/mc"
   validating dependency to  public part "def" of DC "sap.com/bie/sca/scdl/gen/xlf2prop"
   validating dependency to  public part "MM_Inf" of DC "sap.com/ide/es/config/mc/model/bi"
   validating dependency to  public part "MM_Inf" of DC "sap.com/tc/moin/bi/model/textverticalization"
   validating dependency to  public part "def" of DC "sap.com/tc/moin/bi/moinext"
   validating dependency to  public part "libinf" of DC "sap.com/tc/moin/bi/moinlibs"
   DC model check OK

Start build plugin:
   using build plugin: sap.com/tc/bi/bp/enterpriseApplication
   starting build plugin from : C:\Users\marce\OneDrive\DEV\NWDS75.jdi\LocalDevelopment\SAP_BUILDT\sap.com\tc\bi\bp\enterpriseApplication\_comp\gen\default\public\enterpriseApplication\



Build Plugin 'EnterpriseApplicationPlugin', Version 7.30 SP 5 (NW750CORE_05_REL, built on 2016-09-05 17:24:14 +0200, CL239773)
   development component:  po (promon.com.br)
      software component:  RDSCHEDULER (promon.com.br)
                location:  localDevelopment
                    type:  MassConfiguration
           build variant:  default
         source location:  marce@MAVNOTE01
         output location:  C:\Users\marce\OneDrive\DEV\NWDS75.jdi\LocalDevelopment\t2\4EBF17F2574DE4D25320069AB52E2660\default
       generation folder:  C:\Users\marce\OneDrive\DEV\NWDS75.jdi\LocalDevelopment\t\4EBF17F2574DE4D25320069AB52E2660
       plugin start time:  2018-03-23 22:51:45 GMT-03:00 (BRT)
                 Java VM:  Java HotSpot(TM) 64-Bit Server VM, 25.131-b11 (1.8, Oracle Corporation)


General options:
  convert *.xlf to *.properties: yes
  include sources for debugging: yes
 


Checking path lengths for sources
Path length checks finished in 0.002 seconds
 
Preparing data context..
Data context preparation finished in 0.039 seconds
 
Creating Ant build file..
  Creating output file: C:\Users\marce\OneDrive\DEV\NWDS75.jdi\LocalDevelopment\t2\4EBF17F2574DE4D25320069AB52E2660\default\logs\build.xml
  Using Java class:     com.sap.tc.buildplugin.BuildEnterpriseApplication
MoinInit generator started.
Metamodels found.
Output folder found.
Target "createPublicParts" has a dependency on "compile" but no such target exists. Dependency will be ignored.
Target "createDeployArchive" has a dependency on "compile" but no such target exists. Dependency will be ignored.
Target "Xlf2PropBase" has a dependency on "compile" but no such target exists. Dependency will be ignored.
Target "ScdlBase" has a dependency on "compile" but no such target exists. Dependency will be ignored.
Build file creation finished in 0.182 seconds
 
Starting Ant..
  Using build file:     C:\Users\marce\OneDrive\DEV\NWDS75.jdi\LocalDevelopment\t2\4EBF17F2574DE4D25320069AB52E2660\default\logs\build.xml
  Using build target:   build
  Using Ant version:    1.7.1
 
ScdlBase:
  [MOINInit] Meta models found.
  [MOINInit] Referenced meta-model: C:\Users\marce\OneDrive\DEV\NWDS75.jdi\LocalDevelopment\ESCONF_BUILDT\sap.com\ide\es\config\mc\model\bi\_comp\gen\default\public\MM_Inf\lib\moin\sap.com~ide~es~config~mc~model_xmi.zip
  [MOINInit] Referenced meta-model: C:\Users\marce\OneDrive\DEV\NWDS75.jdi\LocalDevelopment\MOIN_BUILDT\sap.com\tc\moin\bi\model\textverticalization\_comp\gen\default\public\MM_Inf\lib\moin\sap.com~tc~moin~model~textverticalization_xmi.zip
  [MOINInit] DataArea name: DefaultDataArea
  [MOINInit] Moin initialized in 234 milliseconds.
      [echo] Registering folder: gensrc/extcfg for path: C:\Users\marce\OneDrive\DEV\NWDS75.jdi\LocalDevelopment\t\4EBF17F2574DE4D25320069AB52E2660\gensrc\extcfg/
      [echo] Starting Extension Configuration generator...
  [gen_scdl] 		[SCDL_GEN] Initializing Scdl Generation...
  [gen_scdl] 		[SCDL_GEN] Initialization successfully completed.
  [gen_scdl] 		[SCDL_GEN] Starting retrieval of information from contributors...
  [gen_scdl] 		[SCDL_GEN] Information retrieval from contributors successfully completed!
  [gen_scdl] 		[SCDL_GEN] Starting composite export to SCDL...
  [gen_scdl] 			[SCDL-EXPORT] Scdl file output location: C:\Users\marce\OneDrive\DEV\NWDS75.jdi\LocalDevelopment\t\4EBF17F2574DE4D25320069AB52E2660/scdl_output\META-INF\po.composite
  [gen_scdl] 			[SCDL-EXPORT] sca contribution XML output location: C:\Users\marce\OneDrive\DEV\NWDS75.jdi\LocalDevelopment\t\4EBF17F2574DE4D25320069AB52E2660/scdl_output\META-INF\sca-contribution.xml
  [gen_scdl] 		[SCDL_GEN] Conversion successfully completed!
     [timer] Extension Configuration generator finished in 0.147 seconds
 
[MOINShutdown] About to shutdown MOIN...
[MOINShutdown] MOIN shut down in 51 milliseconds.
 
Xlf2PropBase:
      [echo] Start XLF conversion
  [xlf2prop] Found 1 XLF file to convert in folder "mc"
     [timer] XLF conversion finished in 0.005 seconds
 
      [copy] Copying 1 file to C:\Users\marce\OneDrive\DEV\NWDS75.jdi\LocalDevelopment\t\4EBF17F2574DE4D25320069AB52E2660\xlf_out
 
createPublicParts:
  [pppacker] Packing public part 'mc'
  [pppacker] DC being built: po
  [pppacker] Searching for entity: mc.
  [pppacker] Checking path: mc
  [pppacker] Checking path: src
  [pppacker] Packed   2 files for entity mc (Model Folder Tree)
  [pppacker] Packed 1 entity for public part 'mc'
     [timer] Packing of public part 'mc' finished in 0.088 seconds
 
 
createDeployArchive:
       [cdu] Preparing archive for deploy unit "default"
       [cdu]   deployment type: "J2EE"
 
       [cdu] Creating Ant build file: C:\Users\marce\OneDrive\DEV\NWDS75.jdi\LocalDevelopment\t2\4EBF17F2574DE4D25320069AB52E2660\default\logs\buildDeployArchive.xml
 
       [cdu] Creating descriptor META-INF/sda-dd.xml ...
 
       [cdu] Skipping creation of application.xml for JEE5 archive.
 
       [cdu] Creating descriptor META-INF/application-j2ee-engine.xml ...
 
       [cdu] Collecting modules ...
       [cdu] Ant build file creation finished in 0.113 seconds
 
packDeployArchive:
      [copy] Copying 1 file to C:\Users\marce\OneDrive\DEV\NWDS75.jdi\LocalDevelopment\t\4EBF17F2574DE4D25320069AB52E2660\sda\META-INF\sca-resources
 [srcpacker] Creating source archive
 [srcpacker] No sources available for packing, no archive will be created.
     [timer] Source archive creation finished in 0.062 seconds
 
    [jarsap] Info: JarSAP version 20090803.1000
    [jarsap] Info: JarSAPProcessing version 20090907.1000 / JarSL version 20100616.1800
    [jarsap] Building: C:\Users\marce\OneDrive\DEV\NWDS75.jdi\LocalDevelopment\t2\4EBF17F2574DE4D25320069AB52E2660\default\deploy\promon.com.br~po.ear with compression
     [timer] JarSAP finished in 0.052 seconds
 
 
build:
 
Ant runtime 0.857 seconds
 
Ant build finished OK
MOIN forced shutdown initiated.
 
Build plugin finished at 2018-03-23 22:51:46 GMT-03:00 (BRT)
Total build plugin runtime: 1.716 seconds
 
Build finished OK

==== Post-Processing ====   started at 2018-03-23 22:51:46.992 BRT
Comparison of previous and actual build results took: 0.02 seconds

Copy the build results 
  from: C:\Users\marce\OneDrive\DEV\NWDS75.jdi\LocalDevelopment\t2\4EBF17F2574DE4D25320069AB52E2660\default\
  to:   C:\Users\marce\OneDrive\DEV\NWDS75.jdi\LocalDevelopment\RDSCHEDULER\promon.com.br\po\_comp\gen\default\

The build results of the following public parts were not copied, since they have not changed:
  mc